<?xml version="1.0" encoding="UTF-8"?>
<!-- Generated by org.testng.reporters.JUnitReportReporter -->
<testsuite hostname="W15MUMABD065" failures="0" tests="1" name="Test_Class" time="3.105" errors="0" timestamp="2022-09-03T13:27:25 IST" skipped="0">
  <testcase classname="Test_Class" name="verifyuserID" time="3.105"/>
  <system-out>
    <![CDATA[Running for verify user id]]>
  </system-out>
</testsuite> <!-- Test_Class -->
